[     434ms] [ERROR] WebSocket connection to 'ws://app:3000/_next/webpack-hmr?id=yvjdbnFWHLjZTq-hE4_FI' failed: Error during WebSocket handshake: net::ERR_INVALID_HTTP_RESPONSE @ http://app:3000/_next/static/chunks/node_modules_next_dist_client_0fhqo1d._.js:13299
[    1445ms] [ERROR] WebSocket connection to 'ws://app:3000/_next/webpack-hmr?id=yvjdbnFWHLjZTq-hE4_FI' failed: Error during WebSocket handshake: net::ERR_INVALID_HTTP_RESPONSE @ http://app:3000/_next/static/chunks/node_modules_next_dist_client_0fhqo1d._.js:13299
[    2456ms] [ERROR] WebSocket connection to 'ws://app:3000/_next/webpack-hmr?id=yvjdbnFWHLjZTq-hE4_FI' failed: Error during WebSocket handshake: net::ERR_INVALID_HTTP_RESPONSE @ http://app:3000/_next/static/chunks/node_modules_next_dist_client_0fhqo1d._.js:13299
[    3468ms] [ERROR] WebSocket connection to 'ws://app:3000/_next/webpack-hmr?id=yvjdbnFWHLjZTq-hE4_FI' failed: Error during WebSocket handshake: net::ERR_INVALID_HTTP_RESPONSE @ http://app:3000/_next/static/chunks/node_modules_next_dist_client_0fhqo1d._.js:13299
[    4477ms] [ERROR] WebSocket connection to 'ws://app:3000/_next/webpack-hmr?id=yvjdbnFWHLjZTq-hE4_FI' failed: Error during WebSocket handshake: net::ERR_INVALID_HTTP_RESPONSE @ http://app:3000/_next/static/chunks/node_modules_next_dist_client_0fhqo1d._.js:13299
[    5484ms] [ERROR] WebSocket connection to 'ws://app:3000/_next/webpack-hmr?id=yvjdbnFWHLjZTq-hE4_FI' failed: Error during WebSocket handshake: net::ERR_INVALID_HTTP_RESPONSE @ http://app:3000/_next/static/chunks/node_modules_next_dist_client_0fhqo1d._.js:13299
[   10495ms] [ERROR] WebSocket connection to 'ws://app:3000/_next/webpack-hmr?id=yvjdbnFWHLjZTq-hE4_FI' failed: Error during WebSocket handshake: net::ERR_INVALID_HTTP_RESPONSE @ http://app:3000/_next/static/chunks/node_modules_next_dist_client_0fhqo1d._.js:13299
[   13380ms] [ERROR] WebSocket connection to 'ws://app:3000/_next/webpack-hmr?id=RrTOq16oYiXUqOVb6jgWI' failed: Error during WebSocket handshake: net::ERR_INVALID_HTTP_RESPONSE @ http://app:3000/_next/static/chunks/node_modules_next_dist_client_0fhqo1d._.js:13299
[   14400ms] [ERROR] WebSocket connection to 'ws://app:3000/_next/webpack-hmr?id=RrTOq16oYiXUqOVb6jgWI' failed: Error during WebSocket handshake: net::ERR_INVALID_HTTP_RESPONSE @ http://app:3000/_next/static/chunks/node_modules_next_dist_client_0fhqo1d._.js:13299
[   15434ms] [ERROR] WebSocket connection to 'ws://app:3000/_next/webpack-hmr?id=RrTOq16oYiXUqOVb6jgWI' failed: Error during WebSocket handshake: net::ERR_INVALID_HTTP_RESPONSE @ http://app:3000/_next/static/chunks/node_modules_next_dist_client_0fhqo1d._.js:13299
[   16520ms] [ERROR] WebSocket connection to 'ws://app:3000/_next/webpack-hmr?id=RrTOq16oYiXUqOVb6jgWI' failed: Error during WebSocket handshake: net::ERR_INVALID_HTTP_RESPONSE @ http://app:3000/_next/static/chunks/node_modules_next_dist_client_0fhqo1d._.js:13299
[   17832ms] [ERROR] WebSocket connection to 'ws://app:3000/_next/webpack-hmr?id=RrTOq16oYiXUqOVb6jgWI' failed: Error during WebSocket handshake: net::ERR_INVALID_HTTP_RESPONSE @ http://app:3000/_next/static/chunks/node_modules_next_dist_client_0fhqo1d._.js:13299
[   19163ms] [ERROR] WebSocket connection to 'ws://app:3000/_next/webpack-hmr?id=RrTOq16oYiXUqOVb6jgWI' failed: Error during WebSocket handshake: net::ERR_INVALID_HTTP_RESPONSE @ http://app:3000/_next/static/chunks/node_modules_next_dist_client_0fhqo1d._.js:13299
[   25123ms] [ERROR] WebSocket connection to 'ws://app:3000/_next/webpack-hmr?id=RrTOq16oYiXUqOVb6jgWI' failed: Error during WebSocket handshake: net::ERR_INVALID_HTTP_RESPONSE @ http://app:3000/_next/static/chunks/node_modules_next_dist_client_0fhqo1d._.js:13299
[   31921ms] [ERROR] WebSocket connection to 'ws://app:3000/_next/webpack-hmr?id=RrTOq16oYiXUqOVb6jgWI' failed: Error during WebSocket handshake: net::ERR_INVALID_HTTP_RESPONSE @ http://app:3000/_next/static/chunks/node_modules_next_dist_client_0fhqo1d._.js:13299
[   40640ms] [ERROR] WebSocket connection to 'ws://app:3000/_next/webpack-hmr?id=RrTOq16oYiXUqOVb6jgWI' failed: Error during WebSocket handshake: net::ERR_INVALID_HTTP_RESPONSE @ http://app:3000/_next/static/chunks/node_modules_next_dist_client_0fhqo1d._.js:13299
[   45706ms] [ERROR] WebSocket connection to 'ws://app:3000/_next/webpack-hmr?id=gUoZqjwJveicok4e2pkh_' failed: Error during WebSocket handshake: net::ERR_INVALID_HTTP_RESPONSE @ http://app:3000/_next/static/chunks/node_modules_next_dist_client_0fhqo1d._.js:13299
[   49400ms] [ERROR] WebSocket connection to 'ws://app:3000/_next/webpack-hmr?id=gUoZqjwJveicok4e2pkh_' failed: Error during WebSocket handshake: net::ERR_INVALID_HTTP_RESPONSE @ http://app:3000/_next/static/chunks/node_modules_next_dist_client_0fhqo1d._.js:13299
[   55009ms] [ERROR] WebSocket connection to 'ws://app:3000/_next/webpack-hmr?id=gUoZqjwJveicok4e2pkh_' failed: Error during WebSocket handshake: net::ERR_INVALID_HTTP_RESPONSE @ http://app:3000/_next/static/chunks/node_modules_next_dist_client_0fhqo1d._.js:13299
[   58570ms] [ERROR] WebSocket connection to 'ws://app:3000/_next/webpack-hmr?id=gUoZqjwJveicok4e2pkh_' failed: Error during WebSocket handshake: net::ERR_INVALID_HTTP_RESPONSE @ http://app:3000/_next/static/chunks/node_modules_next_dist_client_0fhqo1d._.js:13299
